123451789,986543121
123451789,986543121
123451789,986543121
123456789,987654321
123456789,987654321
123456789,987654321
2251253715,987654321
2251253715,2180737804
2251253715,2180737804
2251253715,2180737804
2251253715,2180737804
2251253715,2180737804
2251253715,2180737804
2251253715,2180737804
2251253715,2180737804
2251253715,2180737804
2251253715,2180737804
2251253715,2180737804
2251253715,2180737804
2251253715,2180737804
2180737804,2251253715
2180737804,2251253715
2180737804,2251253715
2180737804,2251253715
2180737804,2251253715
2180737804,2251253715
2180737804,2251253715
2180737804,2251253715
2180737804,2251253715
2180737804,2251253715
2180737804,2251253715
2180737804,2251253715
2180737804,2251253715
2180737804,2251253715
2180737804,2251253715
2180737804,2251253715
2180737804,2251253715
2180737804,2251253715
2180737804,2251253715
2180737804,2251253715
2180737804,2251253715
2180737804,2251253715
2180737804,2251253715
